0 verbose cli /usr/local/bin/node /usr/local/lib/node_modules/npm/bin/npm-cli.js
1 info using npm@10.9.7
2 info using node@v22.22.2
3 silly config load:file:/usr/local/lib/node_modules/npm/npmrc
4 silly config load:file:/data/.npmrc
5 silly config load:file:/data/.npm-global/etc/npmrc
6 verbose title npm exec skills install
7 verbose argv "exec" "--" "skills" "install"
8 verbose logfile logs-max:10 dir:/data/.npm/_logs/2026-03-30T09_15_33_833Z-
9 verbose logfile /data/.npm/_logs/2026-03-30T09_15_33_833Z-debug-0.log
10 silly logfile start cleaning logs, removing 1 files
11 silly packumentCache heap:2197815296 maxSize:549453824 maxEntrySize:274726912
12 silly logfile done cleaning log files
13 http fetch GET 200 https://registry.npmjs.org/npm 171ms
14 http fetch GET 200 https://registry.npmjs.org/skills 231ms (cache miss)
15 silly packumentCache heap:2197815296 maxSize:549453824 maxEntrySize:274726912
16 verbose Could not read global path /data/.npm-global/lib, ignoring
17 silly packumentCache heap:2197815296 maxSize:549453824 maxEntrySize:274726912
18 silly idealTree buildDeps
19 silly fetch manifest skills@1.4.6
20 silly packumentCache full:https://registry.npmjs.org/skills cache-miss
21 http fetch GET 200 https://registry.npmjs.org/skills 39ms (cache miss)
22 silly packumentCache full:https://registry.npmjs.org/skills set size:undefined disposed:false
23 silly placeDep ROOT skills@1.4.6 OK for:  want: 1.4.6
24 silly reify moves {}
25 silly audit bulk request { skills: [ '1.4.6' ] }
26 http cache skills@https://registry.npmjs.org/skills/-/skills-1.4.6.tgz 0ms (cache hit)
27 silly tarball no local data for skills@https://registry.npmjs.org/skills/-/skills-1.4.6.tgz. Extracting by manifest.
28 http fetch GET 200 https://registry.npmjs.org/skills/-/skills-1.4.6.tgz 74ms (cache miss)
29 http fetch POST 200 https://registry.npmjs.org/-/npm/v1/security/advisories/bulk 188ms
30 silly audit report {}
31 verbose cwd /data
32 verbose os Linux 6.8.0-71-generic
33 verbose node v22.22.2
34 verbose npm  v10.9.7
35 notice
35 notice New [31mmajor[39m version of npm available! [31m10.9.7[39m -> [34m11.12.1[39m
35 notice Changelog: [34mhttps://github.com/npm/cli/releases/tag/v11.12.1[39m
35 notice To update run: [4mnpm install -g npm@11.12.1[24m
35 notice  { force: true, [Symbol(proc-log.meta)]: true }
36 verbose exit 1
37 verbose code 1
